<?xml version="1.0" encoding="UTF-8"?>
<testng-results ignored="0" total="1" passed="1" failed="0" skipped="0">
  <reporter-output>
  </reporter-output>
  <suite started-at="2022-03-24T12:59:28 IST" name="Default suite" finished-at="2022-03-24T12:59:31 IST" duration-ms="3359">
    <groups>
    </groups>
    <test started-at="2022-03-24T12:59:28 IST" name="Default test" finished-at="2022-03-24T12:59:31 IST" duration-ms="3359">
      <class name="APITesting.TestPut">
        <test-method signature="test()[pri:0, instance:APITesting.TestPut@1ab3a8c8]" started-at="2022-03-24T12:59:28 IST" name="test" finished-at="2022-03-24T12:59:31 IST" duration-ms="3304" status="PASS">
          <reporter-output>
          </reporter-output>
        </test-method> <!-- test -->
      </class> <!-- APITesting.TestPut -->
    </test> <!-- Default test -->
  </suite> <!-- Default suite -->
</testng-results>
