<?xml version="1.0" encoding="UTF-8"?>
<testsuite xmlns:xsi="http://www.w3.org/2001/XMLSchema-instance" xsi:noNamespaceSchemaLocation="https://maven.apache.org/surefire/maven-surefire-plugin/xsd/surefire-test-report-3.0.xsd" version="3.0" name="Test.PraticePageTest" time="45.206" tests="10" errors="0" skipped="0" failures="0">
  <properties>
[...]
</properties>
  <testcase name="CheckRadioButton" classname="Test.PraticePageTest" time="0.378">
    <system-err><![CDATA[SLF4J: Failed to load class "org.slf4j.impl.StaticLoggerBinder".
SLF4J: Defaulting to no-operation (NOP) logger implementation
SLF4J: See http://www.slf4j.org/codes.html#StaticLoggerBinder for further details.
Starting MSEdgeDriver 99.0.1150.39 (83e7eb830583bb2e45c92fa97398f3704f87af0d) on port 16794
Only local connections are allowed.
Please see https://chromedriver.chromium.org/security-considerations for suggestions on keeping MSEdgeDriver safe.
MSEdgeDriver was started successfully.
Mar 15, 2022 5:49:56 PM org.openqa.selenium.remote.ProtocolHandshake createSession
INFO: Detected dialect: W3C
]]></system-err>
  </testcase>
  <testcase name="checkAlert" classname="Test.PraticePageTest" time="0.398"/>
  <testcase name="checkCheckbox" classname="Test.PraticePageTest" time="0.378"/>
  <testcase name="checkEnable" classname="Test.PraticePageTest" time="0.396"/>
  <testcase name="checkHideFunction" classname="Test.PraticePageTest" time="0.231"/>
  <testcase name="checkIframe" classname="Test.PraticePageTest" time="4.366"/>
  <testcase name="checkMulitpleSelect" classname="Test.PraticePageTest" time="0.818">
    <system-out><![CDATA[true
]]></system-out>
  </testcase>
  <testcase name="checkOptions" classname="Test.PraticePageTest" time="0.178"/>
  <testcase name="checkTab" classname="Test.PraticePageTest" time="16.496"/>
  <testcase name="checkWindow" classname="Test.PraticePageTest" time="5.413"/>
</testsuite>