<?xml version="1.0" encoding="UTF-8"?>
<!-- Generated by org.testng.reporters.JUnitXMLReporter -->
<testsuite ignored="0" hostname="BADBOY" failures="0" tests="4" name="Default test" time="62.311" errors="0" timestamp="2022-03-16T11:03:11 IST">
  <testcase classname="Locators.LocatorType" name="checkMultipleSelectByCss" time="0.246"/>
  <testcase classname="Locators.LocatorType" name="checkMultipleSelectById" time="0.213"/>
  <testcase classname="Locators.LocatorType" name="checkMultipleSelectByName" time="0.308"/>
  <testcase classname="Locators.LocatorType" name="checkMultipleSelectByXpath" time="0.205"/>
</testsuite> <!-- Default test -->
