<?xml version="1.0" encoding="UTF-8"?>
<!-- Generated by org.testng.reporters.JUnitXMLReporter -->
<testsuite hostname="BADBOY" ignored="0" name="Surefire test" tests="10" failures="0" timestamp="2022-03-15T17:50:34 IST" time="44.136" errors="0">
  <testcase name="CheckRadioButton" time="0.397" classname="Test.PraticePageTest"/>
  <testcase name="checkAlert" time="0.397" classname="Test.PraticePageTest"/>
  <testcase name="checkCheckbox" time="0.378" classname="Test.PraticePageTest"/>
  <testcase name="checkEnable" time="0.395" classname="Test.PraticePageTest"/>
  <testcase name="checkHideFunction" time="0.231" classname="Test.PraticePageTest"/>
  <testcase name="checkIframe" time="4.366" classname="Test.PraticePageTest"/>
  <testcase name="checkMulitpleSelect" time="0.814" classname="Test.PraticePageTest"/>
  <testcase name="checkOptions" time="0.183" classname="Test.PraticePageTest"/>
  <testcase name="checkTab" time="16.497" classname="Test.PraticePageTest"/>
  <testcase name="checkWindow" time="5.413" classname="Test.PraticePageTest"/>
</testsuite> <!-- Surefire test -->
