<?xml version="1.0" encoding="UTF-8"?>
<testng-results ignored="0" total="4" passed="4" failed="0" skipped="0">
  <reporter-output>
  </reporter-output>
  <suite started-at="2022-03-16T11:02:08 IST" name="Default suite" finished-at="2022-03-16T11:03:11 IST" duration-ms="62311">
    <groups>
    </groups>
    <test started-at="2022-03-16T11:02:08 IST" name="Default test" finished-at="2022-03-16T11:03:11 IST" duration-ms="62311">
      <class name="Locators.LocatorType">
        <test-method is-config="true" signature="openChrome()[pri:0, instance:Locators.LocatorType@1ea9f6af]" started-at="2022-03-16T11:02:08 IST" name="openChrome" finished-at="2022-03-16T11:02:20 IST" duration-ms="11467" status="PASS">
          <reporter-output>
          </reporter-output>
        </test-method> <!-- openChrome -->
        <test-method signature="checkMultipleSelectByCss()[pri:0, instance:Locators.LocatorType@1ea9f6af]" started-at="2022-03-16T11:02:20 IST" name="checkMultipleSelectByCss" finished-at="2022-03-16T11:02:20 IST" duration-ms="246" status="PASS">
          <reporter-output>
          </reporter-output>
        </test-method> <!-- checkMultipleSelectByCss -->
        <test-method is-config="true" signature="closeBrowser()[pri:0, instance:Locators.LocatorType@1ea9f6af]" started-at="2022-03-16T11:02:20 IST" name="closeBrowser" finished-at="2022-03-16T11:02:22 IST" duration-ms="2075" status="PASS">
          <reporter-output>
          </reporter-output>
        </test-method> <!-- closeBrowser -->
        <test-method is-config="true" signature="openChrome()[pri:0, instance:Locators.LocatorType@1ea9f6af]" started-at="2022-03-16T11:02:22 IST" name="openChrome" finished-at="2022-03-16T11:02:32 IST" duration-ms="10321" status="PASS">
          <reporter-output>
          </reporter-output>
        </test-method> <!-- openChrome -->
        <test-method signature="checkMultipleSelectById()[pri:0, instance:Locators.LocatorType@1ea9f6af]" started-at="2022-03-16T11:02:32 IST" name="checkMultipleSelectById" finished-at="2022-03-16T11:02:33 IST" duration-ms="213" status="PASS">
          <reporter-output>
          </reporter-output>
        </test-method> <!-- checkMultipleSelectById -->
        <test-method is-config="true" signature="closeBrowser()[pri:0, instance:Locators.LocatorType@1ea9f6af]" started-at="2022-03-16T11:02:33 IST" name="closeBrowser" finished-at="2022-03-16T11:02:35 IST" duration-ms="2156" status="PASS">
          <reporter-output>
          </reporter-output>
        </test-method> <!-- closeBrowser -->
        <test-method is-config="true" signature="openChrome()[pri:0, instance:Locators.LocatorType@1ea9f6af]" started-at="2022-03-16T11:02:35 IST" name="openChrome" finished-at="2022-03-16T11:02:45 IST" duration-ms="9976" status="PASS">
          <reporter-output>
          </reporter-output>
        </test-method> <!-- openChrome -->
        <test-method signature="checkMultipleSelectByName()[pri:0, instance:Locators.LocatorType@1ea9f6af]" started-at="2022-03-16T11:02:45 IST" name="checkMultipleSelectByName" finished-at="2022-03-16T11:02:45 IST" duration-ms="308" status="PASS">
          <reporter-output>
          </reporter-output>
        </test-method> <!-- checkMultipleSelectByName -->
        <test-method is-config="true" signature="closeBrowser()[pri:0, instance:Locators.LocatorType@1ea9f6af]" started-at="2022-03-16T11:02:45 IST" name="closeBrowser" finished-at="2022-03-16T11:02:51 IST" duration-ms="6086" status="PASS">
          <reporter-output>
          </reporter-output>
        </test-method> <!-- closeBrowser -->
        <test-method is-config="true" signature="openChrome()[pri:0, instance:Locators.LocatorType@1ea9f6af]" started-at="2022-03-16T11:02:51 IST" name="openChrome" finished-at="2022-03-16T11:03:08 IST" duration-ms="17081" status="PASS">
          <reporter-output>
          </reporter-output>
        </test-method> <!-- openChrome -->
        <test-method signature="checkMultipleSelectByXpath()[pri:0, instance:Locators.LocatorType@1ea9f6af]" started-at="2022-03-16T11:03:08 IST" name="checkMultipleSelectByXpath" finished-at="2022-03-16T11:03:08 IST" duration-ms="205" status="PASS">
          <reporter-output>
          </reporter-output>
        </test-method> <!-- checkMultipleSelectByXpath -->
        <test-method is-config="true" signature="closeBrowser()[pri:0, instance:Locators.LocatorType@1ea9f6af]" started-at="2022-03-16T11:03:08 IST" name="closeBrowser" finished-at="2022-03-16T11:03:11 IST" duration-ms="2117" status="PASS">
          <reporter-output>
          </reporter-output>
        </test-method> <!-- closeBrowser -->
      </class> <!-- Locators.LocatorType -->
    </test> <!-- Default test -->
  </suite> <!-- Default suite -->
</testng-results>
