<?xml version="1.0" encoding="UTF-8"?>
<testng-results ignored="0" total="1" passed="1" failed="0" skipped="0">
  <reporter-output>
  </reporter-output>
  <suite started-at="2022-03-15T15:51:12 IST" name="Default suite" finished-at="2022-03-15T15:51:12 IST" duration-ms="54">
    <groups>
    </groups>
    <test started-at="2022-03-15T15:51:12 IST" name="Default test" finished-at="2022-03-15T15:51:12 IST" duration-ms="54">
      <class name="JSONWriting.JsonWrite">
        <test-method signature="writedata()[pri:0, instance:JSONWriting.JsonWrite@15c43bd9]" started-at="2022-03-15T15:51:12 IST" name="writedata" finished-at="2022-03-15T15:51:12 IST" duration-ms="12" status="PASS">
          <reporter-output>
          </reporter-output>
        </test-method> <!-- writedata -->
      </class> <!-- JSONWriting.JsonWrite -->
    </test> <!-- Default test -->
  </suite> <!-- Default suite -->
</testng-results>
