<?xml version="1.0" encoding="UTF-8"?>
<testng-results ignored="0" total="1" passed="1" failed="0" skipped="0">
  <reporter-output>
  </reporter-output>
  <suite started-at="2022-03-09T12:31:34 IST" name="Default suite" finished-at="2022-03-09T12:31:38 IST" duration-ms="4135">
    <groups>
    </groups>
    <test started-at="2022-03-09T12:31:34 IST" name="Default test" finished-at="2022-03-09T12:31:38 IST" duration-ms="4135">
      <class name="Test.test01">
        <test-method signature="openchrome()[pri:0, instance:Test.test01@1afd44cb]" started-at="2022-03-09T12:31:34 IST" name="openchrome" finished-at="2022-03-09T12:31:38 IST" duration-ms="4088" status="PASS">
          <reporter-output>
          </reporter-output>
        </test-method> <!-- openchrome -->
      </class> <!-- Test.test01 -->
    </test> <!-- Default test -->
  </suite> <!-- Default suite -->
</testng-results>
